[ 2016-06-17T14:10:51+08:00 ] 0.0.0.0 ::1 GET /index/Index/hello
[ log ] localhost:8888/index/Index/hello [运行时间：0.015121s] [吞吐率：66.13req/s] [内存消耗：976.53kb] [文件加载：27]
[ info ] [ ROUTE ] array (
  'type' => 'module',
  'module' => 
  array (
    0 => 'index',
    1 => 'Index',
    2 => 'hello',
  ),
)
[ info ] [ RUN ] /Users/xiaojie/tp5/application/index/controller/Index.php[ array (
) ]
[ info ] [ LOG ] INIT File: array (
  'path' => '/Users/xiaojie/tp5/public/../runtime/log/',
)

[ 2016-06-17T14:10:59+08:00 ] 0.0.0.0 ::1 GET /index/User/get
[ log ] localhost:8888/index/User/get [运行时间：0.006925s] [吞吐率：144.41req/s] [内存消耗：973.19kb] [文件加载：27]
[ info ] [ ROUTE ] array (
  'type' => 'module',
  'module' => 
  array (
    0 => 'index',
    1 => 'User',
    2 => 'get',
  ),
)
[ info ] [ RUN ] /Users/xiaojie/tp5/application/index/controller/User.php[ array (
) ]
[ info ] [ LOG ] INIT File: array (
  'path' => '/Users/xiaojie/tp5/public/../runtime/log/',
)

